<?xml version="1.0" encoding="UTF-8"?>
<!-- Generated by org.testng.reporters.JUnitXMLReporter -->
<testsuite hostname="LAPTOP-0AOM9FTS" ignored="0" name="Test" tests="6" failures="0" timestamp="2020-07-05T22:39:09 EDT" time="0.092" errors="0">
  <testcase name="IOSApps" time="0.012" classname="qaclickacademy.Appium"/>
  <testcase name="nativeApp" time="0.002" classname="qaclickacademy.Appium"/>
  <testcase name="ElementsUI" time="0.002" classname="qaclickacademy.Selenium"/>
  <testcase name="browserAutomation" time="0.001" classname="qaclickacademy.Selenium"/>
  <testcase name="deleteTwitter" time="0.002" classname="qaclickacademy.RestAPI"/>
  <testcase name="postJira" time="0.002" classname="qaclickacademy.RestAPI"/>
</testsuite> <!-- Test -->
