<?xml version="1.0" encoding="UTF-8"?>
<testng-results skipped="0" failed="0" ignored="0" total="6" passed="6">
  <reporter-output>
  </reporter-output>
  <suite name="Suite" duration-ms="46" started-at="2020-07-06T02:45:11Z" finished-at="2020-07-06T02:45:11Z">
    <groups>
    </groups>
    <test name="Test" duration-ms="46" started-at="2020-07-06T02:45:11Z" finished-at="2020-07-06T02:45:11Z">
      <class name="qaclickacademy.Appium">
        <test-method status="PASS" signature="IOSApps()[pri:0, instance:qaclickacademy.Appium@525f1e4e]" name="IOSApps" duration-ms="7" started-at="2020-07-06T02:45:11Z" finished-at="2020-07-06T02:45:11Z">
          <reporter-output>
          </reporter-output>
        </test-method> <!-- IOSApps -->
        <test-method status="PASS" signature="nativeApp()[pri:0, instance:qaclickacademy.Appium@525f1e4e]" name="nativeApp" duration-ms="0" started-at="2020-07-06T02:45:11Z" finished-at="2020-07-06T02:45:11Z">
          <reporter-output>
          </reporter-output>
        </test-method> <!-- nativeApp -->
      </class> <!-- qaclickacademy.Appium -->
      <class name="qaclickacademy.Selenium">
        <test-method status="PASS" signature="ElementsUI()[pri:0, instance:qaclickacademy.Selenium@75f9eccc]" name="ElementsUI" duration-ms="0" started-at="2020-07-06T02:45:11Z" finished-at="2020-07-06T02:45:11Z">
          <reporter-output>
          </reporter-output>
        </test-method> <!-- ElementsUI -->
        <test-method status="PASS" signature="browserAutomation()[pri:0, instance:qaclickacademy.Selenium@75f9eccc]" name="browserAutomation" duration-ms="0" started-at="2020-07-06T02:45:11Z" finished-at="2020-07-06T02:45:11Z">
          <reporter-output>
          </reporter-output>
        </test-method> <!-- browserAutomation -->
      </class> <!-- qaclickacademy.Selenium -->
      <class name="qaclickacademy.RestAPI">
        <test-method status="PASS" signature="deleteTwitter()[pri:0, instance:qaclickacademy.RestAPI@52aa2946]" name="deleteTwitter" duration-ms="1" started-at="2020-07-06T02:45:11Z" finished-at="2020-07-06T02:45:11Z">
          <reporter-output>
          </reporter-output>
        </test-method> <!-- deleteTwitter -->
        <test-method status="PASS" signature="postJira()[pri:0, instance:qaclickacademy.RestAPI@52aa2946]" name="postJira" duration-ms="0" started-at="2020-07-06T02:45:11Z" finished-at="2020-07-06T02:45:11Z">
          <reporter-output>
          </reporter-output>
        </test-method> <!-- postJira -->
      </class> <!-- qaclickacademy.RestAPI -->
    </test> <!-- Test -->
  </suite> <!-- Suite -->
</testng-results>
